<?xml version="1.0" encoding="UTF-8"?>
<testng-results ignored="0" total="1" passed="1" failed="0" skipped="0">
  <reporter-output>
  </reporter-output>
  <suite started-at="2023-08-13T11:07:34 CDT" name="Default suite" finished-at="2023-08-13T11:07:46 CDT" duration-ms="11911">
    <groups>
    </groups>
    <test started-at="2023-08-13T11:07:34 CDT" name="Default test" finished-at="2023-08-13T11:07:46 CDT" duration-ms="11911">
      <class name="pages.HomePageTest">
        <test-method is-config="true" signature="setUp()[pri:0, instance:pages.HomePageTest@6340e5f0]" started-at="2023-08-13T11:07:34 CDT" name="setUp" finished-at="2023-08-13T11:07:43 CDT" duration-ms="8288" status="PASS">
          <reporter-output>
          </reporter-output>
        </test-method> <!-- setUp -->
        <test-method signature="clickLogoTest()[pri:0, instance:pages.HomePageTest@6340e5f0]" started-at="2023-08-13T11:07:43 CDT" name="clickLogoTest" finished-at="2023-08-13T11:07:46 CDT" duration-ms="3092" status="PASS">
          <reporter-output>
          </reporter-output>
        </test-method> <!-- clickLogoTest -->
        <test-method is-config="true" signature="tearUp()[pri:0, instance:pages.HomePageTest@6340e5f0]" started-at="2023-08-13T11:07:46 CDT" name="tearUp" finished-at="2023-08-13T11:07:46 CDT" duration-ms="414" status="PASS">
          <reporter-output>
          </reporter-output>
        </test-method> <!-- tearUp -->
      </class> <!-- pages.HomePageTest -->
    </test> <!-- Default test -->
  </suite> <!-- Default suite -->
</testng-results>
